2019-11-05T18:38:36+00:00 CRITICAL Uncaught Error: Call to a member function get_id() on null in C:\Users\codegirls\Desktop\Xampp\htdocs\diyafatima-parallax\wp-content\themes\neve\header-footer-grid\templates\component-wrapper.php:13
Stack trace:
#0 C:\Users\codegirls\Desktop\Xampp\htdocs\diyafatima-parallax\wp-includes\template.php(724): require()
#1 C:\Users\codegirls\Desktop\Xampp\htdocs\diyafatima-parallax\wp-content\themes\neve\header-footer-grid\Main.php(169): load_template('C:\\Users\\codegi...', false)
#2 C:\Users\codegirls\Desktop\Xampp\htdocs\diyafatima-parallax\wp-content\themes\neve\header-footer-grid\Core\Components\Abstract_Component.php(516): HFG\Main->load('component-wrapp...')
#3 C:\Users\codegirls\Desktop\Xampp\htdocs\diyafatima-parallax\wp-includes\customize\class-wp-customize-partial.php(203): HFG\Core\Components\Abstract_Component->render(Object(WP_Customize_Partial), Array)
#4 C:\Users\codegirls\Desktop\Xampp\htdocs\diyafatima-parallax\wp-includes\customize\class-wp-customize-selective-refresh.php(387): WP_Customize_Parti in C:\Users\codegirls\Desktop\Xampp\htdocs\diyafatima-parallax\wp-content\themes\neve\header-footer-grid\templates\component-wrapper.php on line 13

2019-11-05T18:38:38+00:00 CRITICAL Uncaught Error: Call to a member function get_id() on null in C:\Users\codegirls\Desktop\Xampp\htdocs\diyafatima-parallax\wp-content\themes\neve\header-footer-grid\templates\component-wrapper.php:13
Stack trace:
#0 C:\Users\codegirls\Desktop\Xampp\htdocs\diyafatima-parallax\wp-includes\template.php(724): require()
#1 C:\Users\codegirls\Desktop\Xampp\htdocs\diyafatima-parallax\wp-content\themes\neve\header-footer-grid\Main.php(169): load_template('C:\\Users\\codegi...', false)
#2 C:\Users\codegirls\Desktop\Xampp\htdocs\diyafatima-parallax\wp-content\themes\neve\header-footer-grid\Core\Components\Abstract_Component.php(516): HFG\Main->load('component-wrapp...')
#3 C:\Users\codegirls\Desktop\Xampp\htdocs\diyafatima-parallax\wp-includes\customize\class-wp-customize-partial.php(203): HFG\Core\Components\Abstract_Component->render(Object(WP_Customize_Partial), Array)
#4 C:\Users\codegirls\Desktop\Xampp\htdocs\diyafatima-parallax\wp-includes\customize\class-wp-customize-selective-refresh.php(387): WP_Customize_Parti in C:\Users\codegirls\Desktop\Xampp\htdocs\diyafatima-parallax\wp-content\themes\neve\header-footer-grid\templates\component-wrapper.php on line 13

2019-11-05T18:38:38+00:00 CRITICAL Uncaught Error: Call to a member function get_id() on null in C:\Users\codegirls\Desktop\Xampp\htdocs\diyafatima-parallax\wp-content\themes\neve\header-footer-grid\templates\component-wrapper.php:13
Stack trace:
#0 C:\Users\codegirls\Desktop\Xampp\htdocs\diyafatima-parallax\wp-includes\template.php(724): require()
#1 C:\Users\codegirls\Desktop\Xampp\htdocs\diyafatima-parallax\wp-content\themes\neve\header-footer-grid\Main.php(169): load_template('C:\\Users\\codegi...', false)
#2 C:\Users\codegirls\Desktop\Xampp\htdocs\diyafatima-parallax\wp-content\themes\neve\header-footer-grid\Core\Components\Abstract_Component.php(516): HFG\Main->load('component-wrapp...')
#3 C:\Users\codegirls\Desktop\Xampp\htdocs\diyafatima-parallax\wp-includes\customize\class-wp-customize-partial.php(203): HFG\Core\Components\Abstract_Component->render(Object(WP_Customize_Partial), Array)
#4 C:\Users\codegirls\Desktop\Xampp\htdocs\diyafatima-parallax\wp-includes\customize\class-wp-customize-selective-refresh.php(387): WP_Customize_Parti in C:\Users\codegirls\Desktop\Xampp\htdocs\diyafatima-parallax\wp-content\themes\neve\header-footer-grid\templates\component-wrapper.php on line 13

2019-11-05T18:38:39+00:00 CRITICAL Uncaught Error: Call to a member function get_id() on null in C:\Users\codegirls\Desktop\Xampp\htdocs\diyafatima-parallax\wp-content\themes\neve\header-footer-grid\templates\component-wrapper.php:13
Stack trace:
#0 C:\Users\codegirls\Desktop\Xampp\htdocs\diyafatima-parallax\wp-includes\template.php(724): require()
#1 C:\Users\codegirls\Desktop\Xampp\htdocs\diyafatima-parallax\wp-content\themes\neve\header-footer-grid\Main.php(169): load_template('C:\\Users\\codegi...', false)
#2 C:\Users\codegirls\Desktop\Xampp\htdocs\diyafatima-parallax\wp-content\themes\neve\header-footer-grid\Core\Components\Abstract_Component.php(516): HFG\Main->load('component-wrapp...')
#3 C:\Users\codegirls\Desktop\Xampp\htdocs\diyafatima-parallax\wp-includes\customize\class-wp-customize-partial.php(203): HFG\Core\Components\Abstract_Component->render(Object(WP_Customize_Partial), Array)
#4 C:\Users\codegirls\Desktop\Xampp\htdocs\diyafatima-parallax\wp-includes\customize\class-wp-customize-selective-refresh.php(387): WP_Customize_Parti in C:\Users\codegirls\Desktop\Xampp\htdocs\diyafatima-parallax\wp-content\themes\neve\header-footer-grid\templates\component-wrapper.php on line 13

2019-11-05T18:38:39+00:00 CRITICAL Uncaught Error: Call to a member function get_id() on null in C:\Users\codegirls\Desktop\Xampp\htdocs\diyafatima-parallax\wp-content\themes\neve\header-footer-grid\templates\component-wrapper.php:13
Stack trace:
#0 C:\Users\codegirls\Desktop\Xampp\htdocs\diyafatima-parallax\wp-includes\template.php(724): require()
#1 C:\Users\codegirls\Desktop\Xampp\htdocs\diyafatima-parallax\wp-content\themes\neve\header-footer-grid\Main.php(169): load_template('C:\\Users\\codegi...', false)
#2 C:\Users\codegirls\Desktop\Xampp\htdocs\diyafatima-parallax\wp-content\themes\neve\header-footer-grid\Core\Components\Abstract_Component.php(516): HFG\Main->load('component-wrapp...')
#3 C:\Users\codegirls\Desktop\Xampp\htdocs\diyafatima-parallax\wp-includes\customize\class-wp-customize-partial.php(203): HFG\Core\Components\Abstract_Component->render(Object(WP_Customize_Partial), Array)
#4 C:\Users\codegirls\Desktop\Xampp\htdocs\diyafatima-parallax\wp-includes\customize\class-wp-customize-selective-refresh.php(387): WP_Customize_Parti in C:\Users\codegirls\Desktop\Xampp\htdocs\diyafatima-parallax\wp-content\themes\neve\header-footer-grid\templates\component-wrapper.php on line 13

2019-11-05T18:38:40+00:00 CRITICAL Uncaught Error: Call to a member function get_id() on null in C:\Users\codegirls\Desktop\Xampp\htdocs\diyafatima-parallax\wp-content\themes\neve\header-footer-grid\templates\component-wrapper.php:13
Stack trace:
#0 C:\Users\codegirls\Desktop\Xampp\htdocs\diyafatima-parallax\wp-includes\template.php(724): require()
#1 C:\Users\codegirls\Desktop\Xampp\htdocs\diyafatima-parallax\wp-content\themes\neve\header-footer-grid\Main.php(169): load_template('C:\\Users\\codegi...', false)
#2 C:\Users\codegirls\Desktop\Xampp\htdocs\diyafatima-parallax\wp-content\themes\neve\header-footer-grid\Core\Components\Abstract_Component.php(516): HFG\Main->load('component-wrapp...')
#3 C:\Users\codegirls\Desktop\Xampp\htdocs\diyafatima-parallax\wp-includes\customize\class-wp-customize-partial.php(203): HFG\Core\Components\Abstract_Component->render(Object(WP_Customize_Partial), Array)
#4 C:\Users\codegirls\Desktop\Xampp\htdocs\diyafatima-parallax\wp-includes\customize\class-wp-customize-selective-refresh.php(387): WP_Customize_Parti in C:\Users\codegirls\Desktop\Xampp\htdocs\diyafatima-parallax\wp-content\themes\neve\header-footer-grid\templates\component-wrapper.php on line 13

2019-11-05T18:38:41+00:00 CRITICAL Uncaught Error: Call to a member function get_id() on null in C:\Users\codegirls\Desktop\Xampp\htdocs\diyafatima-parallax\wp-content\themes\neve\header-footer-grid\templates\component-wrapper.php:13
Stack trace:
#0 C:\Users\codegirls\Desktop\Xampp\htdocs\diyafatima-parallax\wp-includes\template.php(724): require()
#1 C:\Users\codegirls\Desktop\Xampp\htdocs\diyafatima-parallax\wp-content\themes\neve\header-footer-grid\Main.php(169): load_template('C:\\Users\\codegi...', false)
#2 C:\Users\codegirls\Desktop\Xampp\htdocs\diyafatima-parallax\wp-content\themes\neve\header-footer-grid\Core\Components\Abstract_Component.php(516): HFG\Main->load('component-wrapp...')
#3 C:\Users\codegirls\Desktop\Xampp\htdocs\diyafatima-parallax\wp-includes\customize\class-wp-customize-partial.php(203): HFG\Core\Components\Abstract_Component->render(Object(WP_Customize_Partial), Array)
#4 C:\Users\codegirls\Desktop\Xampp\htdocs\diyafatima-parallax\wp-includes\customize\class-wp-customize-selective-refresh.php(387): WP_Customize_Parti in C:\Users\codegirls\Desktop\Xampp\htdocs\diyafatima-parallax\wp-content\themes\neve\header-footer-grid\templates\component-wrapper.php on line 13

2019-11-05T18:38:42+00:00 CRITICAL Uncaught Error: Call to a member function get_id() on null in C:\Users\codegirls\Desktop\Xampp\htdocs\diyafatima-parallax\wp-content\themes\neve\header-footer-grid\templates\component-wrapper.php:13
Stack trace:
#0 C:\Users\codegirls\Desktop\Xampp\htdocs\diyafatima-parallax\wp-includes\template.php(724): require()
#1 C:\Users\codegirls\Desktop\Xampp\htdocs\diyafatima-parallax\wp-content\themes\neve\header-footer-grid\Main.php(169): load_template('C:\\Users\\codegi...', false)
#2 C:\Users\codegirls\Desktop\Xampp\htdocs\diyafatima-parallax\wp-content\themes\neve\header-footer-grid\Core\Components\Abstract_Component.php(516): HFG\Main->load('component-wrapp...')
#3 C:\Users\codegirls\Desktop\Xampp\htdocs\diyafatima-parallax\wp-includes\customize\class-wp-customize-partial.php(203): HFG\Core\Components\Abstract_Component->render(Object(WP_Customize_Partial), Array)
#4 C:\Users\codegirls\Desktop\Xampp\htdocs\diyafatima-parallax\wp-includes\customize\class-wp-customize-selective-refresh.php(387): WP_Customize_Parti in C:\Users\codegirls\Desktop\Xampp\htdocs\diyafatima-parallax\wp-content\themes\neve\header-footer-grid\templates\component-wrapper.php on line 13

2019-11-05T18:41:50+00:00 CRITICAL Uncaught Error: Call to a member function get_id() on null in C:\Users\codegirls\Desktop\Xampp\htdocs\diyafatima-parallax\wp-content\themes\neve\header-footer-grid\templates\component-wrapper.php:13
Stack trace:
#0 C:\Users\codegirls\Desktop\Xampp\htdocs\diyafatima-parallax\wp-includes\template.php(724): require()
#1 C:\Users\codegirls\Desktop\Xampp\htdocs\diyafatima-parallax\wp-content\themes\neve\header-footer-grid\Main.php(169): load_template('C:\\Users\\codegi...', false)
#2 C:\Users\codegirls\Desktop\Xampp\htdocs\diyafatima-parallax\wp-content\themes\neve\header-footer-grid\Core\Components\Abstract_Component.php(516): HFG\Main->load('component-wrapp...')
#3 C:\Users\codegirls\Desktop\Xampp\htdocs\diyafatima-parallax\wp-includes\customize\class-wp-customize-partial.php(203): HFG\Core\Components\Abstract_Component->render(Object(WP_Customize_Partial), Array)
#4 C:\Users\codegirls\Desktop\Xampp\htdocs\diyafatima-parallax\wp-includes\customize\class-wp-customize-selective-refresh.php(387): WP_Customize_Parti in C:\Users\codegirls\Desktop\Xampp\htdocs\diyafatima-parallax\wp-content\themes\neve\header-footer-grid\templates\component-wrapper.php on line 13

2019-11-05T18:41:51+00:00 CRITICAL Uncaught Error: Call to a member function get_id() on null in C:\Users\codegirls\Desktop\Xampp\htdocs\diyafatima-parallax\wp-content\themes\neve\header-footer-grid\templates\component-wrapper.php:13
Stack trace:
#0 C:\Users\codegirls\Desktop\Xampp\htdocs\diyafatima-parallax\wp-includes\template.php(724): require()
#1 C:\Users\codegirls\Desktop\Xampp\htdocs\diyafatima-parallax\wp-content\themes\neve\header-footer-grid\Main.php(169): load_template('C:\\Users\\codegi...', false)
#2 C:\Users\codegirls\Desktop\Xampp\htdocs\diyafatima-parallax\wp-content\themes\neve\header-footer-grid\Core\Components\Abstract_Component.php(516): HFG\Main->load('component-wrapp...')
#3 C:\Users\codegirls\Desktop\Xampp\htdocs\diyafatima-parallax\wp-includes\customize\class-wp-customize-partial.php(203): HFG\Core\Components\Abstract_Component->render(Object(WP_Customize_Partial), Array)
#4 C:\Users\codegirls\Desktop\Xampp\htdocs\diyafatima-parallax\wp-includes\customize\class-wp-customize-selective-refresh.php(387): WP_Customize_Parti in C:\Users\codegirls\Desktop\Xampp\htdocs\diyafatima-parallax\wp-content\themes\neve\header-footer-grid\templates\component-wrapper.php on line 13

2019-11-05T18:41:51+00:00 CRITICAL Uncaught Error: Call to a member function get_id() on null in C:\Users\codegirls\Desktop\Xampp\htdocs\diyafatima-parallax\wp-content\themes\neve\header-footer-grid\templates\component-wrapper.php:13
Stack trace:
#0 C:\Users\codegirls\Desktop\Xampp\htdocs\diyafatima-parallax\wp-includes\template.php(724): require()
#1 C:\Users\codegirls\Desktop\Xampp\htdocs\diyafatima-parallax\wp-content\themes\neve\header-footer-grid\Main.php(169): load_template('C:\\Users\\codegi...', false)
#2 C:\Users\codegirls\Desktop\Xampp\htdocs\diyafatima-parallax\wp-content\themes\neve\header-footer-grid\Core\Components\Abstract_Component.php(516): HFG\Main->load('component-wrapp...')
#3 C:\Users\codegirls\Desktop\Xampp\htdocs\diyafatima-parallax\wp-includes\customize\class-wp-customize-partial.php(203): HFG\Core\Components\Abstract_Component->render(Object(WP_Customize_Partial), Array)
#4 C:\Users\codegirls\Desktop\Xampp\htdocs\diyafatima-parallax\wp-includes\customize\class-wp-customize-selective-refresh.php(387): WP_Customize_Parti in C:\Users\codegirls\Desktop\Xampp\htdocs\diyafatima-parallax\wp-content\themes\neve\header-footer-grid\templates\component-wrapper.php on line 13

2019-11-05T18:41:52+00:00 CRITICAL Uncaught Error: Call to a member function get_id() on null in C:\Users\codegirls\Desktop\Xampp\htdocs\diyafatima-parallax\wp-content\themes\neve\header-footer-grid\templates\component-wrapper.php:13
Stack trace:
#0 C:\Users\codegirls\Desktop\Xampp\htdocs\diyafatima-parallax\wp-includes\template.php(724): require()
#1 C:\Users\codegirls\Desktop\Xampp\htdocs\diyafatima-parallax\wp-content\themes\neve\header-footer-grid\Main.php(169): load_template('C:\\Users\\codegi...', false)
#2 C:\Users\codegirls\Desktop\Xampp\htdocs\diyafatima-parallax\wp-content\themes\neve\header-footer-grid\Core\Components\Abstract_Component.php(516): HFG\Main->load('component-wrapp...')
#3 C:\Users\codegirls\Desktop\Xampp\htdocs\diyafatima-parallax\wp-includes\customize\class-wp-customize-partial.php(203): HFG\Core\Components\Abstract_Component->render(Object(WP_Customize_Partial), Array)
#4 C:\Users\codegirls\Desktop\Xampp\htdocs\diyafatima-parallax\wp-includes\customize\class-wp-customize-selective-refresh.php(387): WP_Customize_Parti in C:\Users\codegirls\Desktop\Xampp\htdocs\diyafatima-parallax\wp-content\themes\neve\header-footer-grid\templates\component-wrapper.php on line 13

